
  .   ____          _            __ _ _
 /\\ / ___'_ __ _ _(_)_ __  __ _ \ \ \ \
( ( )\___ | '_ | '_| | '_ \/ _` | \ \ \ \
 \\/  ___)| |_)| | | | | || (_| |  ) ) ) )
  '  |____| .__|_| |_|_| |_\__, | / / / /
 =========|_|==============|___/=/_/_/_/
 :: Spring Boot ::                (v3.0.2)

2023-02-06T08:59:40.648+02:00  INFO 51553 --- [           main] l.k.devops.devopskb.DevopskbApplication  : Starting DevopskbApplication v0.0.1-SNAPSHOT using Java 17.0.6-ea with PID 51553 (/home/devops/dev/devopskb/target/devopskb.jar started by root in /home/devops/dev/devopskb/target)
2023-02-06T08:59:40.653+02:00  INFO 51553 --- [           main] l.k.devops.devopskb.DevopskbApplication  : No active profile set, falling back to 1 default profile: "default"
2023-02-06T08:59:42.213+02:00  INFO 51553 --- [           main] o.s.b.w.embedded.tomcat.TomcatWebServer  : Tomcat initialized with port(s): 8080 (http)
2023-02-06T08:59:42.227+02:00  INFO 51553 --- [           main] o.apache.catalina.core.StandardService   : Starting service [Tomcat]
2023-02-06T08:59:42.228+02:00  INFO 51553 --- [           main] o.apache.catalina.core.StandardEngine    : Starting Servlet engine: [Apache Tomcat/10.1.5]
2023-02-06T08:59:42.336+02:00  INFO 51553 --- [           main] o.a.c.c.C.[Tomcat].[localhost].[/]       : Initializing Spring embedded WebApplicationContext
2023-02-06T08:59:42.339+02:00  INFO 51553 --- [           main] w.s.c.ServletWebServerApplicationContext : Root WebApplicationContext: initialization completed in 1507 ms
2023-02-06T08:59:42.716+02:00  INFO 51553 --- [           main] o.s.b.a.w.s.WelcomePageHandlerMapping    : Adding welcome page: class path resource [static/index.html]
2023-02-06T08:59:42.994+02:00  INFO 51553 --- [           main] o.s.b.w.embedded.tomcat.TomcatWebServer  : Tomcat started on port(s): 8080 (http) with context path ''
2023-02-06T08:59:43.023+02:00  INFO 51553 --- [           main] l.k.devops.devopskb.DevopskbApplication  : Started DevopskbApplication in 3.104 seconds (process running for 3.717)
2023-02-06T09:03:05.430+02:00  INFO 51553 --- [nio-8080-exec-1] o.a.c.c.C.[Tomcat].[localhost].[/]       : Initializing Spring DispatcherServlet 'dispatcherServlet'
2023-02-06T09:03:05.431+02:00  INFO 51553 --- [nio-8080-exec-1] o.s.web.servlet.DispatcherServlet        : Initializing Servlet 'dispatcherServlet'
2023-02-06T09:03:05.432+02:00  INFO 51553 --- [nio-8080-exec-1] o.s.web.servlet.DispatcherServlet        : Completed initialization in 1 ms
